  Widget.cpp
  Entity3d.cpp
C:\Users\cemch\source\repos\FatonEngine\FatonEngine\src\Engine\3dRenderer\Entity3d.cpp(70,53): warning C4305: 'argument': truncation from 'double' to 'T'
          with
          [
              T=float
          ]
  Terrain.cpp
  TexturedModel.cpp
  LightPoint.cpp
  Asteroid.cpp
  Random.cpp
  ParticleSystem.cpp
  glText.cpp
C:\Users\cemch\source\repos\FatonEngine\FatonEngine\platform\OpenGL\glText.cpp(94,33): warning C4838: conversion from 'FT_Pos' to 'GLuint' requires a narrowing conversion
  imgui-SFML.cpp
  imgui.cpp
  imgui_demo.cpp
  imgui_draw.cpp
  imgui_widgets.cpp
  Text.cpp
  AnimationComponent.cpp
  RigidBody.cpp
  World.cpp
  TextureHolder.cpp
  Editor.cpp
  Generating Code...
C:\Users\cemch\source\repos\FatonEngine\FatonEngine\include\Engine\Entity\Components\AnimationComponent.h(65): warning C4715: 'Engine::Animation::GetNowFrame': not all control paths return a value
  Compiling...
  stb_image.cpp
  OpenGLTexture.cpp
C:\Users\cemch\source\repos\FatonEngine\FatonEngine\platform\OpenGL\OpenGLTexture.cpp(45,37): warning C4244: 'argument': conversion from 'const int' to 'T', possible loss of data
          with
          [
              T=float
          ]
C:\Users\cemch\source\repos\FatonEngine\FatonEngine\platform\OpenGL\OpenGLTexture.cpp(45,29): warning C4244: 'argument': conversion from 'const int' to 'T', possible loss of data
          with
          [
              T=float
          ]
  glDrawable.cpp
  OpenGLRendererAPI.cpp
  OpenGLShader.cpp
C:\Users\cemch\source\repos\FatonEngine\FatonEngine\platform\OpenGL\OpenGLShader.cpp(51,45): warning C4267: '=': conversion from 'size_t' to 'GLint', possible loss of data
  OpenGLVertexArray.cpp
C:\Users\cemch\source\repos\FatonEngine\FatonEngine\platform\OpenGL\OpenGLVertexArray.cpp(17,60): warning C4267: 'argument': conversion from 'size_t' to 'GLsizei', possible loss of data
C:\Users\cemch\source\repos\FatonEngine\FatonEngine\platform\OpenGL\OpenGLVertexArray.cpp(78,99): warning C4267: 'argument': conversion from 'size_t' to 'GLsizei', possible loss of data
C:\Users\cemch\source\repos\FatonEngine\FatonEngine\platform\OpenGL\OpenGLVertexArray.cpp(82,106): warning C4267: 'argument': conversion from 'size_t' to 'GLsizei', possible loss of data
C:\Users\cemch\source\repos\FatonEngine\FatonEngine\platform\OpenGL\OpenGLVertexArray.cpp(102,31): warning C4267: '=': conversion from 'size_t' to 'GLsizei', possible loss of data
  SFMLInput.cpp
C:\Users\cemch\source\repos\FatonEngine\FatonEngine\platform\Window\SFMLInput.cpp(33,80): warning C4244: 'argument': conversion from 'T' to 'T', possible loss of data
          with
          [
              T=int
          ]
          and
          [
              T=float
          ]
C:\Users\cemch\source\repos\FatonEngine\FatonEngine\platform\Window\SFMLInput.cpp(33,53): warning C4244: 'argument': conversion from 'T' to 'T', possible loss of data
          with
          [
              T=int
          ]
          and
          [
              T=float
          ]
C:\Users\cemch\source\repos\FatonEngine\FatonEngine\platform\Window\SFMLInput.cpp(38,33): warning C4244: 'return': conversion from 'T' to 'float', possible loss of data
          with
          [
              T=int
          ]
C:\Users\cemch\source\repos\FatonEngine\FatonEngine\platform\Window\SFMLInput.cpp(43,33): warning C4244: 'return': conversion from 'T' to 'float', possible loss of data
          with
          [
              T=int
          ]
C:\Users\cemch\source\repos\FatonEngine\FatonEngine\platform\Window\SFMLInput.cpp(195,41): warning C4244: 'argument': conversion from 'float' to 'T', possible loss of data
          with
          [
              T=int
          ]
C:\Users\cemch\source\repos\FatonEngine\FatonEngine\platform\Window\SFMLInput.cpp(195,38): warning C4244: 'argument': conversion from 'float' to 'T', possible loss of data
          with
          [
              T=int
          ]
  SFMLRendererAPI.cpp
  GLFWWindow.cpp
  SFMLWindow.cpp
C:\Users\cemch\source\repos\FatonEngine\FatonEngine\platform\Window\SFMLWindow.cpp(68,56): warning C4244: 'argument': conversion from 'T' to 'sf::Uint8', possible loss of data
          with
          [
              T=float
          ]
C:\Users\cemch\source\repos\FatonEngine\FatonEngine\platform\Window\SFMLWindow.cpp(68,44): warning C4244: 'argument': conversion from 'T' to 'sf::Uint8', possible loss of data
          with
          [
              T=float
          ]
C:\Users\cemch\source\repos\FatonEngine\FatonEngine\platform\Window\SFMLWindow.cpp(68,34): warning C4244: 'argument': conversion from 'T' to 'sf::Uint8', possible loss of data
          with
          [
              T=float
          ]
C:\Users\cemch\source\repos\FatonEngine\FatonEngine\platform\Window\SFMLWindow.cpp(143,77): warning C4244: 'argument': conversion from 'const T' to 'T', possible loss of data
          with
          [
              T=int
          ]
          and
          [
              T=float
          ]
C:\Users\cemch\source\repos\FatonEngine\FatonEngine\platform\Window\SFMLWindow.cpp(143,69): warning C4244: 'argument': conversion from 'const T' to 'T', possible loss of data
          with
          [
              T=int
          ]
          and
          [
              T=float
          ]
C:\Users\cemch\source\repos\FatonEngine\FatonEngine\platform\Window\SFMLWindow.cpp(144,74): warning C4244: 'argument': conversion from 'T' to 'T', possible loss of data
          with
          [
              T=int
          ]
          and
          [
              T=float
          ]
C:\Users\cemch\source\repos\FatonEngine\FatonEngine\platform\Window\SFMLWindow.cpp(144,62): warning C4244: 'argument': conversion from 'T' to 'T', possible loss of data
          with
          [
              T=int
          ]
          and
          [
              T=float
          ]
  Camera.cpp
  Camera3D.cpp
  ResourceHolder.cpp
  Engine.cpp
  MovementComponent.cpp
  Entity.cpp
  Scene3D.cpp
  AppEvent.cpp
  Scene2D.cpp
  OBJLoader.cpp
  Generating Code...
C:\Users\cemch\source\repos\FatonEngine\FatonEngine\platform\Window\SFMLWindow.cpp(138): warning C4172: returning address of local variable or temporary: ftnCoords
C:\Users\cemch\source\repos\FatonEngine\FatonEngine\platform\Window\SFMLWindow.cpp(146): warning C4172: returning address of local variable or temporary: ftnCoords
C:\Users\cemch\source\repos\FatonEngine\FatonEngine\platform\Window\SFMLInput.cpp(191): warning C4715: 'SFMLInput::GamepadGetAxisPositionImplementation': not all control paths return a value
C:\Users\cemch\source\repos\FatonEngine\FatonEngine\platform\Window\SFMLInput.cpp(144): warning C4715: 'SFMLInput::GamepadHasAxisImplementation': not all control paths return a value
  Compiling...
  BoxCollider2D.cpp
  Collider2D.cpp
  Collision.cpp
  Drawable.cpp
  Drawable2D.cpp
  Drawable3D.cpp
  Mesh.cpp
  RectangleShape.cpp
  Renderer2D.cpp
  Renderer3D.cpp
  RendererAPI.cpp
  Shader.cpp
  Sprite.cpp
  Texture.cpp
  VertexArray.cpp
  Script.cpp
  GameEntity.cpp
  GameLevel.cpp
  GameWorld.cpp
  LevelPoint.cpp
  Generating Code...
C:\Users\cemch\source\repos\FatonEngine\FatonEngine\src\Engine\renderer\Drawable2D.cpp(27): warning C4172: returning address of local variable or temporary
C:\Users\cemch\source\repos\FatonEngine\FatonEngine\src\Engine\renderer\Drawable2D.cpp(22): warning C4172: returning address of local variable or temporary
  Compiling...
  MainCharacter.cpp
  RocketMainCharacter.cpp
  Space.cpp
C:\Users\cemch\source\repos\FatonEngine\FatonEngine\src\SandBox\GameObjects\Space.cpp(100,111): warning C4305: 'argument': truncation from 'double' to 'T'
          with
          [
              T=float
          ]
C:\Users\cemch\source\repos\FatonEngine\FatonEngine\src\SandBox\GameObjects\Space.cpp(136,35): warning C4305: 'argument': truncation from 'double' to 'T'
          with
          [
              T=float
          ]
C:\Users\cemch\source\repos\FatonEngine\FatonEngine\src\SandBox\GameObjects\Space.cpp(140,36): warning C4305: 'argument': truncation from 'double' to 'T'
          with
          [
              T=float
          ]
  Application.cpp
C:\Program Files (x86)\Windows Kits\10\Include\10.0.17763.0\shared\minwindef.h(130,1): warning C4005: 'APIENTRY': macro redefinition
C:\Users\cemch\source\repos\FatonEngine\GLFW\include\GLFW\glfw3.h(123): message : see previous definition of 'APIENTRY'
  main.cpp
  Player.cpp
C:\Users\cemch\source\repos\FatonEngine\FatonEngine\src\SandBox\start\Player.cpp(53,40): warning C4305: 'argument': truncation from 'double' to 'T'
          with
          [
              T=float
          ]
C:\Users\cemch\source\repos\FatonEngine\FatonEngine\src\SandBox\start\Player.cpp(75,40): warning C4305: 'argument': truncation from 'double' to 'T'
          with
          [
              T=float
          ]
  GameState.cpp
  MainMenuState.cpp
  PauseMenu.cpp
  SettingsState.cpp
  State.cpp
  Generating Code...
Entity3d.obj : error LNK2019: unresolved external symbol "public: struct glm::mat<4,4,float,0> const & __cdecl Engine::Camera3D::GetViewProjectionMatrix(void)" (?GetViewProjectionMatrix@Camera3D@Engine@@QEAAAEBU?$mat@$03$03M$0A@@glm@@XZ) referenced in function "public: void __cdecl Engine::Entity3d::OnRender(class Engine::Camera3D &)" (?OnRender@Entity3d@Engine@@QEAAXAEAVCamera3D@2@@Z)
Terrain.obj : error LNK2001: unresolved external symbol "public: struct glm::mat<4,4,float,0> const & __cdecl Engine::Camera3D::GetViewProjectionMatrix(void)" (?GetViewProjectionMatrix@Camera3D@Engine@@QEAAAEBU?$mat@$03$03M$0A@@glm@@XZ)
glText.obj : error LNK2019: unresolved external symbol FT_Init_FreeType referenced in function "public: virtual void __cdecl glText::Load(class std::basic_string<char,struct std::char_traits<char>,class std::allocator<char> >,unsigned int)" (?Load@glText@@UEAAXV?$basic_string@DU?$char_traits@D@std@@V?$allocator@D@2@@std@@I@Z)
glText.obj : error LNK2019: unresolved external symbol FT_Done_FreeType referenced in function "public: virtual void __cdecl glText::Load(class std::basic_string<char,struct std::char_traits<char>,class std::allocator<char> >,unsigned int)" (?Load@glText@@UEAAXV?$basic_string@DU?$char_traits@D@std@@V?$allocator@D@2@@std@@I@Z)
glText.obj : error LNK2019: unresolved external symbol FT_New_Face referenced in function "public: virtual void __cdecl glText::Load(class std::basic_string<char,struct std::char_traits<char>,class std::allocator<char> >,unsigned int)" (?Load@glText@@UEAAXV?$basic_string@DU?$char_traits@D@std@@V?$allocator@D@2@@std@@I@Z)
glText.obj : error LNK2019: unresolved external symbol FT_Done_Face referenced in function "public: virtual void __cdecl glText::Load(class std::basic_string<char,struct std::char_traits<char>,class std::allocator<char> >,unsigned int)" (?Load@glText@@UEAAXV?$basic_string@DU?$char_traits@D@std@@V?$allocator@D@2@@std@@I@Z)
glText.obj : error LNK2019: unresolved external symbol FT_Set_Pixel_Sizes referenced in function "public: virtual void __cdecl glText::Load(class std::basic_string<char,struct std::char_traits<char>,class std::allocator<char> >,unsigned int)" (?Load@glText@@UEAAXV?$basic_string@DU?$char_traits@D@std@@V?$allocator@D@2@@std@@I@Z)
glText.obj : error LNK2019: unresolved external symbol FT_Load_Char referenced in function "public: virtual void __cdecl glText::Load(class std::basic_string<char,struct std::char_traits<char>,class std::allocator<char> >,unsigned int)" (?Load@glText@@UEAAXV?$basic_string@DU?$char_traits@D@std@@V?$allocator@D@2@@std@@I@Z)
glText.obj : error LNK2019: unresolved external symbol __imp_glBindTexture referenced in function "public: virtual void __cdecl glText::Load(class std::basic_string<char,struct std::char_traits<char>,class std::allocator<char> >,unsigned int)" (?Load@glText@@UEAAXV?$basic_string@DU?$char_traits@D@std@@V?$allocator@D@2@@std@@I@Z)
imgui-SFML.obj : error LNK2001: unresolved external symbol __imp_glBindTexture
OpenGLTexture.obj : error LNK2001: unresolved external symbol __imp_glBindTexture
glDrawable.obj : error LNK2001: unresolved external symbol __imp_glBindTexture
glText.obj : error LNK2019: unresolved external symbol __imp_glDrawArrays referenced in function "public: virtual void __cdecl glText::RenderText(struct glm::mat<4,4,float,0> const &,class std::basic_string<char,struct std::char_traits<char>,class std::allocator<char> >,float,float,float,struct glm::vec<3,float,0>)" (?RenderText@glText@@UEAAXAEBU?$mat@$03$03M$0A@@glm@@V?$basic_string@DU?$char_traits@D@std@@V?$allocator@D@2@@std@@MMMU?$vec@$02M$0A@@3@@Z)
glText.obj : error LNK2019: unresolved external symbol __imp_glGenTextures referenced in function "public: virtual void __cdecl glText::Load(class std::basic_string<char,struct std::char_traits<char>,class std::allocator<char> >,unsigned int)" (?Load@glText@@UEAAXV?$basic_string@DU?$char_traits@D@std@@V?$allocator@D@2@@std@@I@Z)
OpenGLTexture.obj : error LNK2001: unresolved external symbol __imp_glGenTextures
glText.obj : error LNK2019: unresolved external symbol __imp_glPixelStorei referenced in function "public: virtual void __cdecl glText::Load(class std::basic_string<char,struct std::char_traits<char>,class std::allocator<char> >,unsigned int)" (?Load@glText@@UEAAXV?$basic_string@DU?$char_traits@D@std@@V?$allocator@D@2@@std@@I@Z)
glText.obj : error LNK2019: unresolved external symbol __imp_glTexImage2D referenced in function "public: virtual void __cdecl glText::Load(class std::basic_string<char,struct std::char_traits<char>,class std::allocator<char> >,unsigned int)" (?Load@glText@@UEAAXV?$basic_string@DU?$char_traits@D@std@@V?$allocator@D@2@@std@@I@Z)
OpenGLTexture.obj : error LNK2001: unresolved external symbol __imp_glTexImage2D
glText.obj : error LNK2019: unresolved external symbol __imp_glTexParameteri referenced in function "public: virtual void __cdecl glText::Load(class std::basic_string<char,struct std::char_traits<char>,class std::allocator<char> >,unsigned int)" (?Load@glText@@UEAAXV?$basic_string@DU?$char_traits@D@std@@V?$allocator@D@2@@std@@I@Z)
OpenGLTexture.obj : error LNK2001: unresolved external symbol __imp_glTexParameteri
imgui-SFML.obj : error LNK2019: unresolved external symbol "__declspec(dllimport) public: float __cdecl sf::Time::asSeconds(void)const " (__imp_?asSeconds@Time@sf@@QEBAMXZ) referenced in function "void __cdecl ImGui::SFML::Update(class sf::Vector2<int> const &,class sf::Vector2<float> const &,class sf::Time)" (?Update@SFML@ImGui@@YAXAEBV?$Vector2@H@sf@@AEBV?$Vector2@M@4@VTime@4@@Z)
imgui-SFML.obj : error LNK2019: unresolved external symbol "__declspec(dllimport) public: __cdecl sf::String::String(void)" (__imp_??0String@sf@@QEAA@XZ) referenced in function "public: static class sf::String __cdecl sf::String::fromUtf8<char const *>(char const *,char const *)" (??$fromUtf8@PEBD@String@sf@@SA?AV01@PEBD0@Z)
imgui-SFML.obj : error LNK2019: unresolved external symbol "__declspec(dllimport) public: __cdecl sf::String::String(class sf::String const &)" (__imp_??0String@sf@@QEAA@AEBV01@@Z) referenced in function "public: static class sf::String __cdecl sf::String::fromUtf8<char const *>(char const *,char const *)" (??$fromUtf8@PEBD@String@sf@@SA?AV01@PEBD0@Z)
imgui-SFML.obj : error LNK2019: unresolved external symbol "__declspec(dllimport) public: class std::basic_string<unsigned char,struct std::char_traits<unsigned char>,class std::allocator<unsigned char> > __cdecl sf::String::toUtf8(void)const " (__imp_?toUtf8@String@sf@@QEBA?AV?$basic_string@EU?$char_traits@E@std@@V?$allocator@E@2@@std@@XZ) referenced in function "char const * __cdecl `anonymous namespace'::getClipboadText(void *)" (?getClipboadText@?A0xfdd83e60@@YAPEBDPEAX@Z)
imgui-SFML.obj : error LNK2019: unresolved external symbol "__declspec(dllimport) public: __cdecl sf::String::~String(void)" (__imp_??1String@sf@@QEAA@XZ) referenced in function "public: static class sf::String __cdecl sf::String::fromUtf8<char const *>(char const *,char const *)" (??$fromUtf8@PEBD@String@sf@@SA?AV01@PEBD0@Z)
SFMLWindow.obj : error LNK2001: unresolved external symbol "__declspec(dllimport) public: __cdecl sf::String::~String(void)" (__imp_??1String@sf@@QEAA@XZ)
imgui-SFML.obj : error LNK2019: unresolved external symbol "__declspec(dllimport) public: static bool __cdecl sf::Joystick::isConnected(unsigned int)" (__imp_?isConnected@Joystick@sf@@SA_NI@Z) referenced in function "unsigned int __cdecl `anonymous namespace'::getConnectedJoystickId(void)" (?getConnectedJoystickId@?A0xfdd83e60@@YAIXZ)
SFMLInput.obj : error LNK2001: unresolved external symbol "__declspec(dllimport) public: static bool __cdecl sf::Joystick::isConnected(unsigned int)" (__imp_?isConnected@Joystick@sf@@SA_NI@Z)
imgui-SFML.obj : error LNK2019: unresolved external symbol "__declspec(dllimport) public: static bool __cdecl sf::Joystick::isButtonPressed(unsigned int,unsigned int)" (__imp_?isButtonPressed@Joystick@sf@@SA_NII@Z) referenced in function "void __cdecl `anonymous namespace'::updateJoystickActionState(struct ImGuiIO &,enum ImGuiNavInput_)" (?updateJoystickActionState@?A0xfdd83e60@@YAXAEAUImGuiIO@@W4ImGuiNavInput_@@@Z)
SFMLInput.obj : error LNK2001: unresolved external symbol "__declspec(dllimport) public: static bool __cdecl sf::Joystick::isButtonPressed(unsigned int,unsigned int)" (__imp_?isButtonPressed@Joystick@sf@@SA_NII@Z)
imgui-SFML.obj : error LNK2019: unresolved external symbol "__declspec(dllimport) public: static float __cdecl sf::Joystick::getAxisPosition(unsigned int,enum sf::Joystick::Axis)" (__imp_?getAxisPosition@Joystick@sf@@SAMIW4Axis@12@@Z) referenced in function "void __cdecl `anonymous namespace'::updateJoystickDPadState(struct ImGuiIO &)" (?updateJoystickDPadState@?A0xfdd83e60@@YAXAEAUImGuiIO@@@Z)
SFMLInput.obj : error LNK2001: unresolved external symbol "__declspec(dllimport) public: static float __cdecl sf::Joystick::getAxisPosition(unsigned int,enum sf::Joystick::Axis)" (__imp_?getAxisPosition@Joystick@sf@@SAMIW4Axis@12@@Z)
imgui-SFML.obj : error LNK2019: unresolved external symbol __imp_glBlendFunc referenced in function "void __cdecl `anonymous namespace'::RenderDrawLists(struct ImDrawData *)" (?RenderDrawLists@?A0xfdd83e60@@YAXPEAUImDrawData@@@Z)
OpenGLRendererAPI.obj : error LNK2001: unresolved external symbol __imp_glBlendFunc
imgui-SFML.obj : error LNK2019: unresolved external symbol __imp_glColorPointer referenced in function "void __cdecl `anonymous namespace'::RenderDrawLists(struct ImDrawData *)" (?RenderDrawLists@?A0xfdd83e60@@YAXPEAUImDrawData@@@Z)
imgui-SFML.obj : error LNK2019: unresolved external symbol __imp_glDisable referenced in function "void __cdecl `anonymous namespace'::RenderDrawLists(struct ImDrawData *)" (?RenderDrawLists@?A0xfdd83e60@@YAXPEAUImDrawData@@@Z)
OpenGLRendererAPI.obj : error LNK2001: unresolved external symbol __imp_glDisable
imgui-SFML.obj : error LNK2019: unresolved external symbol __imp_glDrawElements referenced in function "void __cdecl `anonymous namespace'::RenderDrawLists(struct ImDrawData *)" (?RenderDrawLists@?A0xfdd83e60@@YAXPEAUImDrawData@@@Z)
glDrawable.obj : error LNK2001: unresolved external symbol __imp_glDrawElements
imgui-SFML.obj : error LNK2019: unresolved external symbol __imp_glEnable referenced in function "void __cdecl `anonymous namespace'::RenderDrawLists(struct ImDrawData *)" (?RenderDrawLists@?A0xfdd83e60@@YAXPEAUImDrawData@@@Z)
OpenGLRendererAPI.obj : error LNK2001: unresolved external symbol __imp_glEnable
imgui-SFML.obj : error LNK2019: unresolved external symbol __imp_glEnableClientState referenced in function "void __cdecl `anonymous namespace'::RenderDrawLists(struct ImDrawData *)" (?RenderDrawLists@?A0xfdd83e60@@YAXPEAUImDrawData@@@Z)
imgui-SFML.obj : error LNK2019: unresolved external symbol __imp_glLoadIdentity referenced in function "void __cdecl `anonymous namespace'::RenderDrawLists(struct ImDrawData *)" (?RenderDrawLists@?A0xfdd83e60@@YAXPEAUImDrawData@@@Z)
imgui-SFML.obj : error LNK2019: unresolved external symbol __imp_glMatrixMode referenced in function "void __cdecl `anonymous namespace'::RenderDrawLists(struct ImDrawData *)" (?RenderDrawLists@?A0xfdd83e60@@YAXPEAUImDrawData@@@Z)
imgui-SFML.obj : error LNK2019: unresolved external symbol __imp_glOrtho referenced in function "void __cdecl `anonymous namespace'::RenderDrawLists(struct ImDrawData *)" (?RenderDrawLists@?A0xfdd83e60@@YAXPEAUImDrawData@@@Z)
imgui-SFML.obj : error LNK2019: unresolved external symbol __imp_glPopAttrib referenced in function "void __cdecl `anonymous namespace'::RenderDrawLists(struct ImDrawData *)" (?RenderDrawLists@?A0xfdd83e60@@YAXPEAUImDrawData@@@Z)
imgui-SFML.obj : error LNK2019: unresolved external symbol __imp_glPushAttrib referenced in function "void __cdecl `anonymous namespace'::RenderDrawLists(struct ImDrawData *)" (?RenderDrawLists@?A0xfdd83e60@@YAXPEAUImDrawData@@@Z)
imgui-SFML.obj : error LNK2019: unresolved external symbol __imp_glScissor referenced in function "void __cdecl `anonymous namespace'::RenderDrawLists(struct ImDrawData *)" (?RenderDrawLists@?A0xfdd83e60@@YAXPEAUImDrawData@@@Z)
imgui-SFML.obj : error LNK2019: unresolved external symbol __imp_glTexCoordPointer referenced in function "void __cdecl `anonymous namespace'::RenderDrawLists(struct ImDrawData *)" (?RenderDrawLists@?A0xfdd83e60@@YAXPEAUImDrawData@@@Z)
imgui-SFML.obj : error LNK2019: unresolved external symbol __imp_glVertexPointer referenced in function "void __cdecl `anonymous namespace'::RenderDrawLists(struct ImDrawData *)" (?RenderDrawLists@?A0xfdd83e60@@YAXPEAUImDrawData@@@Z)
imgui-SFML.obj : error LNK2019: unresolved external symbol __imp_glViewport referenced in function "void __cdecl `anonymous namespace'::RenderDrawLists(struct ImDrawData *)" (?RenderDrawLists@?A0xfdd83e60@@YAXPEAUImDrawData@@@Z)
OpenGLRendererAPI.obj : error LNK2001: unresolved external symbol __imp_glViewport
imgui-SFML.obj : error LNK2019: unresolved external symbol "__declspec(dllimport) public: void __cdecl sf::RenderTarget::resetGLStates(void)" (__imp_?resetGLStates@RenderTarget@sf@@QEAAXXZ) referenced in function "void __cdecl ImGui::SFML::Render(class sf::RenderTarget &)" (?Render@SFML@ImGui@@YAXAEAVRenderTarget@sf@@@Z)
imgui-SFML.obj : error LNK2019: unresolved external symbol "__declspec(dllimport) public: __cdecl sf::Cursor::Cursor(void)" (__imp_??0Cursor@sf@@QEAA@XZ) referenced in function "void __cdecl `anonymous namespace'::loadMouseCursor(int,enum sf::Cursor::Type)" (?loadMouseCursor@?A0xfdd83e60@@YAXHW4Type@Cursor@sf@@@Z)
imgui-SFML.obj : error LNK2019: unresolved external symbol "__declspec(dllimport) public: __cdecl sf::Cursor::~Cursor(void)" (__imp_??1Cursor@sf@@QEAA@XZ) referenced in function "public: void * __cdecl sf::Cursor::`scalar deleting destructor'(unsigned int)" (??_GCursor@sf@@QEAAPEAXI@Z)
imgui-SFML.obj : error LNK2019: unresolved external symbol "__declspec(dllimport) public: bool __cdecl sf::Cursor::loadFromSystem(enum sf::Cursor::Type)" (__imp_?loadFromSystem@Cursor@sf@@QEAA_NW4Type@12@@Z) referenced in function "void __cdecl `anonymous namespace'::loadMouseCursor(int,enum sf::Cursor::Type)" (?loadMouseCursor@?A0xfdd83e60@@YAXHW4Type@Cursor@sf@@@Z)
imgui-SFML.obj : error LNK2019: unresolved external symbol "__declspec(dllimport) public: void __cdecl sf::Window::setMouseCursorVisible(bool)" (__imp_?setMouseCursorVisible@Window@sf@@QEAAX_N@Z) referenced in function "void __cdecl ImGui::SFML::Update(class sf::Window &,class sf::RenderTarget &,class sf::Time)" (?Update@SFML@ImGui@@YAXAEAVWindow@sf@@AEAVRenderTarget@4@VTime@4@@Z)
SFMLWindow.obj : error LNK2001: unresolved external symbol "__declspec(dllimport) public: void __cdecl sf::Window::setMouseCursorVisible(bool)" (__imp_?setMouseCursorVisible@Window@sf@@QEAAX_N@Z)
imgui-SFML.obj : error LNK2019: unresolved external symbol "__declspec(dllimport) public: void __cdecl sf::Window::setMouseCursor(class sf::Cursor const &)" (__imp_?setMouseCursor@Window@sf@@QEAAXAEBVCursor@2@@Z) referenced in function "void __cdecl `anonymous namespace'::updateMouseCursor(class sf::Window &)" (?updateMouseCursor@?A0xfdd83e60@@YAXAEAVWindow@sf@@@Z)
imgui-SFML.obj : error LNK2019: unresolved external symbol "__declspec(dllimport) public: bool __cdecl sf::Window::hasFocus(void)const " (__imp_?hasFocus@Window@sf@@QEBA_NXZ) referenced in function "void __cdecl ImGui::SFML::Init(class sf::Window &,class sf::Vector2<float> const &,bool)" (?Init@SFML@ImGui@@YAXAEAVWindow@sf@@AEBV?$Vector2@M@4@_N@Z)
imgui-SFML.obj : error LNK2019: unresolved external symbol "__declspec(dllimport) public: class sf::Texture const * __cdecl sf::Sprite::getTexture(void)const " (__imp_?getTexture@Sprite@sf@@QEBAPEBVTexture@2@XZ) referenced in function "void __cdecl ImGui::Image(class sf::Sprite const &,class sf::Vector2<float> const &,class sf::Color const &,class sf::Color const &)" (?Image@ImGui@@YAXAEBVSprite@sf@@AEBV?$Vector2@M@3@AEBVColor@3@2@Z)
imgui-SFML.obj : error LNK2019: unresolved external symbol "__declspec(dllimport) public: class sf::Rect<int> const & __cdecl sf::Sprite::getTextureRect(void)const " (__imp_?getTextureRect@Sprite@sf@@QEBAAEBV?$Rect@H@2@XZ) referenced in function "void __cdecl ImGui::Image(class sf::Sprite const &,class sf::Vector2<float> const &,class sf::Color const &,class sf::Color const &)" (?Image@ImGui@@YAXAEBVSprite@sf@@AEBV?$Vector2@M@3@AEBVColor@3@2@Z)
imgui-SFML.obj : error LNK2019: unresolved external symbol "__declspec(dllimport) public: class sf::Rect<float> __cdecl sf::Sprite::getGlobalBounds(void)const " (__imp_?getGlobalBounds@Sprite@sf@@QEBA?AV?$Rect@M@2@XZ) referenced in function "void __cdecl ImGui::Image(class sf::Sprite const &,class sf::Color const &,class sf::Color const &)" (?Image@ImGui@@YAXAEBVSprite@sf@@AEBVColor@3@1@Z)
imgui-SFML.obj : error LNK2019: unresolved external symbol "__declspec(dllimport) public: __cdecl sf::Texture::Texture(void)" (__imp_??0Texture@sf@@QEAA@XZ) referenced in function "void __cdecl ImGui::SFML::Init(class sf::Window &,class sf::Vector2<float> const &,bool)" (?Init@SFML@ImGui@@YAXAEAVWindow@sf@@AEBV?$Vector2@M@4@_N@Z)
imgui-SFML.obj : error LNK2019: unresolved external symbol "__declspec(dllimport) public: __cdecl sf::Texture::~Texture(void)" (__imp_??1Texture@sf@@QEAA@XZ) referenced in function "public: void * __cdecl sf::Texture::`scalar deleting destructor'(unsigned int)" (??_GTexture@sf@@QEAAPEAXI@Z)
imgui-SFML.obj : error LNK2019: unresolved external symbol "__declspec(dllimport) public: bool __cdecl sf::Texture::create(unsigned int,unsigned int)" (__imp_?create@Texture@sf@@QEAA_NII@Z) referenced in function "void __cdecl ImGui::SFML::UpdateFontTexture(void)" (?UpdateFontTexture@SFML@ImGui@@YAXXZ)
imgui-SFML.obj : error LNK2019: unresolved external symbol "__declspec(dllimport) public: class sf::Vector2<unsigned int> __cdecl sf::Texture::getSize(void)const " (__imp_?getSize@Texture@sf@@QEBA?AV?$Vector2@I@2@XZ) referenced in function "void __cdecl ImGui::Image(class sf::Texture const &,class sf::Vector2<float> const &,class sf::Rect<float> const &,class sf::Color const &,class sf::Color const &)" (?Image@ImGui@@YAXAEBVTexture@sf@@AEBV?$Vector2@M@3@AEBV?$Rect@M@3@AEBVColor@3@3@Z)
imgui-SFML.obj : error LNK2019: unresolved external symbol "__declspec(dllimport) public: void __cdecl sf::Texture::update(unsigned char const *)" (__imp_?update@Texture@sf@@QEAAXPEBE@Z) referenced in function "void __cdecl ImGui::SFML::UpdateFontTexture(void)" (?UpdateFontTexture@SFML@ImGui@@YAXXZ)
imgui-SFML.obj : error LNK2019: unresolved external symbol "__declspec(dllimport) public: unsigned int __cdecl sf::Texture::getNativeHandle(void)const " (__imp_?getNativeHandle@Texture@sf@@QEBAIXZ) referenced in function "void __cdecl ImGui::Image(class sf::Texture const &,class sf::Vector2<float> const &,class sf::Rect<float> const &,class sf::Color const &,class sf::Color const &)" (?Image@ImGui@@YAXAEBVTexture@sf@@AEBV?$Vector2@M@3@AEBV?$Rect@M@3@AEBVColor@3@3@Z)
imgui-SFML.obj : error LNK2019: unresolved external symbol "__declspec(dllimport) public: static class sf::String __cdecl sf::Clipboard::getString(void)" (__imp_?getString@Clipboard@sf@@SA?AVString@2@XZ) referenced in function "char const * __cdecl `anonymous namespace'::getClipboadText(void *)" (?getClipboadText@?A0xfdd83e60@@YAPEBDPEAX@Z)
imgui-SFML.obj : error LNK2019: unresolved external symbol "__declspec(dllimport) public: static void __cdecl sf::Clipboard::setString(class sf::String const &)" (__imp_?setString@Clipboard@sf@@SAXAEBVString@2@@Z) referenced in function "void __cdecl `anonymous namespace'::setClipboardText(void *,char const *)" (?setClipboardText@?A0xfdd83e60@@YAXPEAXPEBD@Z)
imgui-SFML.obj : error LNK2019: unresolved external symbol "__declspec(dllimport) public: static bool __cdecl sf::Mouse::isButtonPressed(enum sf::Mouse::Button)" (__imp_?isButtonPressed@Mouse@sf@@SA_NW4Button@12@@Z) referenced in function "void __cdecl ImGui::SFML::Update(class sf::Vector2<int> const &,class sf::Vector2<float> const &,class sf::Time)" (?Update@SFML@ImGui@@YAXAEBV?$Vector2@H@sf@@AEBV?$Vector2@M@4@VTime@4@@Z)
imgui-SFML.obj : error LNK2019: unresolved external symbol "__declspec(dllimport) public: static class sf::Vector2<int> __cdecl sf::Mouse::getPosition(class sf::Window const &)" (__imp_?getPosition@Mouse@sf@@SA?AV?$Vector2@H@2@AEBVWindow@2@@Z) referenced in function "void __cdecl ImGui::SFML::Update(class sf::Window &,class sf::RenderTarget &,class sf::Time)" (?Update@SFML@ImGui@@YAXAEAVWindow@sf@@AEAVRenderTarget@4@VTime@4@@Z)
imgui-SFML.obj : error LNK2019: unresolved external symbol "__declspec(dllimport) public: static void __cdecl sf::Mouse::setPosition(class sf::Vector2<int> const &)" (__imp_?setPosition@Mouse@sf@@SAXAEBV?$Vector2@H@2@@Z) referenced in function "void __cdecl ImGui::SFML::Update(class sf::Vector2<int> const &,class sf::Vector2<float> const &,class sf::Time)" (?Update@SFML@ImGui@@YAXAEBV?$Vector2@H@sf@@AEBV?$Vector2@M@4@VTime@4@@Z)
imgui-SFML.obj : error LNK2019: unresolved external symbol "__declspec(dllimport) public: static bool __cdecl sf::Touch::isDown(unsigned int)" (__imp_?isDown@Touch@sf@@SA_NI@Z) referenced in function "void __cdecl ImGui::SFML::Update(class sf::Window &,class sf::RenderTarget &,class sf::Time)" (?Update@SFML@ImGui@@YAXAEAVWindow@sf@@AEAVRenderTarget@4@VTime@4@@Z)
imgui-SFML.obj : error LNK2019: unresolved external symbol "__declspec(dllimport) public: static class sf::Vector2<int> __cdecl sf::Touch::getPosition(unsigned int,class sf::Window const &)" (__imp_?getPosition@Touch@sf@@SA?AV?$Vector2@H@2@IAEBVWindow@2@@Z) referenced in function "void __cdecl ImGui::SFML::Update(class sf::Window &,class sf::RenderTarget &,class sf::Time)" (?Update@SFML@ImGui@@YAXAEAVWindow@sf@@AEAVRenderTarget@4@VTime@4@@Z)
OpenGLTexture.obj : error LNK2019: unresolved external symbol __imp_glDeleteTextures referenced in function "public: virtual __cdecl OpenGLTexture::~OpenGLTexture(void)" (??1OpenGLTexture@@UEAA@XZ)
OpenGLRendererAPI.obj : error LNK2019: unresolved external symbol __imp_glClear referenced in function "public: virtual void __cdecl OpenGLRendererAPI::Clear(class Engine::Math::Color3<float> &)" (?Clear@OpenGLRendererAPI@@UEAAXAEAV?$Color3@M@Math@Engine@@@Z)
OpenGLRendererAPI.obj : error LNK2019: unresolved external symbol __imp_glClearColor referenced in function "public: virtual void __cdecl OpenGLRendererAPI::Clear(class Engine::Math::Color3<float> &)" (?Clear@OpenGLRendererAPI@@UEAAXAEAV?$Color3@M@Math@Engine@@@Z)
OpenGLRendererAPI.obj : error LNK2019: unresolved external symbol __imp_glCullFace referenced in function "public: virtual void __cdecl OpenGLRendererAPI::Init3D(void)" (?Init3D@OpenGLRendererAPI@@UEAAXXZ)
OpenGLRendererAPI.obj : error LNK2019: unresolved external symbol __imp_glDepthFunc referenced in function "public: virtual void __cdecl OpenGLRendererAPI::Init3D(void)" (?Init3D@OpenGLRendererAPI@@UEAAXXZ)
OpenGLRendererAPI.obj : error LNK2019: unresolved external symbol glfwInit referenced in function "public: virtual void __cdecl OpenGLRendererAPI::Init(void)" (?Init@OpenGLRendererAPI@@UEAAXXZ)
SFMLInput.obj : error LNK2019: unresolved external symbol "__declspec(dllimport) public: static bool __cdecl sf::Keyboard::isKeyPressed(enum sf::Keyboard::Key)" (__imp_?isKeyPressed@Keyboard@sf@@SA_NW4Key@12@@Z) referenced in function "protected: virtual bool __cdecl SFMLInput::isKeyPressedImplementation(int)" (?isKeyPressedImplementation@SFMLInput@@MEAA_NH@Z)
SFMLInput.obj : error LNK2019: unresolved external symbol "__declspec(dllimport) public: static class sf::Vector2<int> __cdecl sf::Mouse::getPosition(void)" (__imp_?getPosition@Mouse@sf@@SA?AV?$Vector2@H@2@XZ) referenced in function "protected: virtual class Engine::Math::Vector2<float> __cdecl SFMLInput::GetMousePositionImplementation(void)" (?GetMousePositionImplementation@SFMLInput@@MEAA?AV?$Vector2@M@Math@Engine@@XZ)
SFMLInput.obj : error LNK2019: unresolved external symbol "__declspec(dllimport) public: static void __cdecl sf::Mouse::setPosition(class sf::Vector2<int> const &,class sf::Window const &)" (__imp_?setPosition@Mouse@sf@@SAXAEBV?$Vector2@H@2@AEBVWindow@2@@Z) referenced in function "protected: virtual void __cdecl SFMLInput::SetMousePositionImplementation(float,float,class sf::RenderWindow &)" (?SetMousePositionImplementation@SFMLInput@@MEAAXMMAEAVRenderWindow@sf@@@Z)
SFMLInput.obj : error LNK2019: unresolved external symbol "__declspec(dllimport) public: static unsigned int __cdecl sf::Joystick::getButtonCount(unsigned int)" (__imp_?getButtonCount@Joystick@sf@@SAII@Z) referenced in function "protected: virtual unsigned int __cdecl SFMLInput::GetGamepadButtonCountImplementation(unsigned int)" (?GetGamepadButtonCountImplementation@SFMLInput@@MEAAII@Z)
SFMLInput.obj : error LNK2019: unresolved external symbol "__declspec(dllimport) public: static bool __cdecl sf::Joystick::hasAxis(unsigned int,enum sf::Joystick::Axis)" (__imp_?hasAxis@Joystick@sf@@SA_NIW4Axis@12@@Z) referenced in function "protected: virtual bool __cdecl SFMLInput::GamepadHasAxisImplementation(unsigned int,enum Engine::Gamepad::Axis)" (?GamepadHasAxisImplementation@SFMLInput@@MEAA_NIW4Axis@Gamepad@Engine@@@Z)
GLFWWindow.obj : error LNK2019: unresolved external symbol glfwTerminate referenced in function "public: virtual void __cdecl GLFWWindow::Close(void)" (?Close@GLFWWindow@@UEAAXXZ)
GLFWWindow.obj : error LNK2019: unresolved external symbol glfwWindowHint referenced in function "public: __cdecl GLFWWindow::GLFWWindow(unsigned int,unsigned int,class std::basic_string<char,struct std::char_traits<char>,class std::allocator<char> > &)" (??0GLFWWindow@@QEAA@IIAEAV?$basic_string@DU?$char_traits@D@std@@V?$allocator@D@2@@std@@@Z)
GLFWWindow.obj : error LNK2019: unresolved external symbol glfwCreateWindow referenced in function "public: __cdecl GLFWWindow::GLFWWindow(unsigned int,unsigned int,class std::basic_string<char,struct std::char_traits<char>,class std::allocator<char> > &)" (??0GLFWWindow@@QEAA@IIAEAV?$basic_string@DU?$char_traits@D@std@@V?$allocator@D@2@@std@@@Z)
GLFWWindow.obj : error LNK2019: unresolved external symbol glfwDestroyWindow referenced in function "public: virtual void __cdecl GLFWWindow::Close(void)" (?Close@GLFWWindow@@UEAAXXZ)
GLFWWindow.obj : error LNK2019: unresolved external symbol glfwWindowShouldClose referenced in function "public: virtual bool __cdecl GLFWWindow::isOpen(void)const " (?isOpen@GLFWWindow@@UEBA_NXZ)
GLFWWindow.obj : error LNK2019: unresolved external symbol glfwPollEvents referenced in function "public: virtual void __cdecl GLFWWindow::Show(void)" (?Show@GLFWWindow@@UEAAXXZ)
GLFWWindow.obj : error LNK2019: unresolved external symbol glfwSwapBuffers referenced in function "public: virtual void __cdecl GLFWWindow::Show(void)" (?Show@GLFWWindow@@UEAAXXZ)
GLFWWindow.obj : error LNK2019: unresolved external symbol glfwSwapInterval referenced in function "public: virtual void __cdecl GLFWWindow::SetVerticalSync(bool)" (?SetVerticalSync@GLFWWindow@@UEAAX_N@Z)
SFMLWindow.obj : error LNK2019: unresolved external symbol "__declspec(dllimport) public: __cdecl sf::String::String(class std::basic_string<char,struct std::char_traits<char>,class std::allocator<char> > const &,class std::locale const &)" (__imp_??0String@sf@@QEAA@AEBV?$basic_string@DU?$char_traits@D@std@@V?$allocator@D@2@@std@@AEBVlocale@3@@Z) referenced in function "public: __cdecl SFMLWindow::SFMLWindow(float,float,class std::basic_string<char,struct std::char_traits<char>,class std::allocator<char> > &)" (??0SFMLWindow@@QEAA@MMAEAV?$basic_string@DU?$char_traits@D@std@@V?$allocator@D@2@@std@@@Z)
SFMLWindow.obj : error LNK2019: unresolved external symbol "__declspec(dllimport) public: __cdecl sf::Color::Color(unsigned char,unsigned char,unsigned char,unsigned char)" (__imp_??0Color@sf@@QEAA@EEEE@Z) referenced in function "public: virtual void __cdecl SFMLWindow::Clear(class Engine::Math::Color3<float>)" (?Clear@SFMLWindow@@UEAAXV?$Color3@M@Math@Engine@@@Z)
SFMLWindow.obj : error LNK2019: unresolved external symbol "__declspec(dllimport) public: void __cdecl sf::RenderTarget::clear(class sf::Color const &)" (__imp_?clear@RenderTarget@sf@@QEAAXAEBVColor@2@@Z) referenced in function "public: virtual void __cdecl SFMLWindow::Clear(class Engine::Math::Color3<float>)" (?Clear@SFMLWindow@@UEAAXV?$Color3@M@Math@Engine@@@Z)
    Hint on symbols that are defined and could potentially match:
      "__declspec(dllimport) public: void __cdecl std::basic_ios<char,struct std::char_traits<char> >::clear(int,bool)" (__imp_?clear@?$basic_ios@DU?$char_traits@D@std@@@std@@QEAAXH_N@Z)
SFMLWindow.obj : error LNK2019: unresolved external symbol "__declspec(dllimport) public: class sf::Vector2<float> __cdecl sf::RenderTarget::mapPixelToCoords(class sf::Vector2<int> const &)const " (__imp_?mapPixelToCoords@RenderTarget@sf@@QEBA?AV?$Vector2@M@2@AEBV?$Vector2@H@2@@Z) referenced in function "public: virtual class Engine::Math::Vector2<float> & __cdecl SFMLWindow::MapPxlToCoords(class Engine::Math::Vector2<int> const &)" (?MapPxlToCoords@SFMLWindow@@UEAAAEAV?$Vector2@M@Math@Engine@@AEBV?$Vector2@H@34@@Z)
SFMLWindow.obj : error LNK2019: unresolved external symbol "__declspec(dllimport) public: class sf::Vector2<int> __cdecl sf::RenderTarget::mapCoordsToPixel(class sf::Vector2<float> const &)const " (__imp_?mapCoordsToPixel@RenderTarget@sf@@QEBA?AV?$Vector2@H@2@AEBV?$Vector2@M@2@@Z) referenced in function "public: virtual class Engine::Math::Vector2<float> & __cdecl SFMLWindow::CoordsToPxl(class Engine::Math::Vector2<int> const &)" (?CoordsToPxl@SFMLWindow@@UEAAAEAV?$Vector2@M@Math@Engine@@AEBV?$Vector2@H@34@@Z)
SFMLWindow.obj : error LNK2019: unresolved external symbol "__declspec(dllimport) public: __cdecl sf::VideoMode::VideoMode(unsigned int,unsigned int,unsigned int)" (__imp_??0VideoMode@sf@@QEAA@III@Z) referenced in function "public: __cdecl SFMLWindow::SFMLWindow(float,float,class std::basic_string<char,struct std::char_traits<char>,class std::allocator<char> > &)" (??0SFMLWindow@@QEAA@MMAEAV?$basic_string@DU?$char_traits@D@std@@V?$allocator@D@2@@std@@@Z)
SFMLWindow.obj : error LNK2019: unresolved external symbol "__declspec(dllimport) public: void __cdecl sf::Window::close(void)" (__imp_?close@Window@sf@@QEAAXXZ) referenced in function "public: virtual void __cdecl SFMLWindow::Close(void)" (?Close@SFMLWindow@@UEAAXXZ)
SFMLWindow.obj : error LNK2019: unresolved external symbol "__declspec(dllimport) public: bool __cdecl sf::Window::isOpen(void)const " (__imp_?isOpen@Window@sf@@QEBA_NXZ) referenced in function "public: virtual bool __cdecl SFMLWindow::isOpen(void)const " (?isOpen@SFMLWindow@@UEBA_NXZ)
SFMLWindow.obj : error LNK2019: unresolved external symbol "__declspec(dllimport) public: bool __cdecl sf::Window::pollEvent(class sf::Event &)" (__imp_?pollEvent@Window@sf@@QEAA_NAEAVEvent@2@@Z) referenced in function "public: virtual bool __cdecl SFMLWindow::PollEvent(class Engine::Event &)" (?PollEvent@SFMLWindow@@UEAA_NAEAVEvent@Engine@@@Z)
SFMLWindow.obj : error LNK2019: unresolved external symbol "__declspec(dllimport) public: void __cdecl sf::Window::setVerticalSyncEnabled(bool)" (__imp_?setVerticalSyncEnabled@Window@sf@@QEAAX_N@Z) referenced in function "public: __cdecl SFMLWindow::SFMLWindow(float,float,class std::basic_string<char,struct std::char_traits<char>,class std::allocator<char> > &)" (??0SFMLWindow@@QEAA@MMAEAV?$basic_string@DU?$char_traits@D@std@@V?$allocator@D@2@@std@@@Z)
SFMLWindow.obj : error LNK2019: unresolved external symbol "__declspec(dllimport) public: void __cdecl sf::Window::setFramerateLimit(unsigned int)" (__imp_?setFramerateLimit@Window@sf@@QEAAXI@Z) referenced in function "public: __cdecl SFMLWindow::SFMLWindow(float,float,class std::basic_string<char,struct std::char_traits<char>,class std::allocator<char> > &)" (??0SFMLWindow@@QEAA@MMAEAV?$basic_string@DU?$char_traits@D@std@@V?$allocator@D@2@@std@@@Z)
SFMLWindow.obj : error LNK2019: unresolved external symbol "__declspec(dllimport) public: void __cdecl sf::Window::display(void)" (__imp_?display@Window@sf@@QEAAXXZ) referenced in function "public: virtual void __cdecl SFMLWindow::Show(void)" (?Show@SFMLWindow@@UEAAXXZ)
SFMLWindow.obj : error LNK2019: unresolved external symbol "__declspec(dllimport) public: __cdecl sf::RenderWindow::RenderWindow(class sf::VideoMode,class sf::String const &,unsigned int,struct sf::ContextSettings const &)" (__imp_??0RenderWindow@sf@@QEAA@VVideoMode@1@AEBVString@1@IAEBUContextSettings@1@@Z) referenced in function "public: __cdecl SFMLWindow::SFMLWindow(float,float,class std::basic_string<char,struct std::char_traits<char>,class std::allocator<char> > &)" (??0SFMLWindow@@QEAA@MMAEAV?$basic_string@DU?$char_traits@D@std@@V?$allocator@D@2@@std@@@Z)
SFMLWindow.obj : error LNK2019: unresolved external symbol "__declspec(dllimport) public: virtual __cdecl sf::RenderWindow::~RenderWindow(void)" (__imp_??1RenderWindow@sf@@UEAA@XZ) referenced in function "public: virtual void * __cdecl sf::RenderWindow::`scalar deleting destructor'(unsigned int)" (??_GRenderWindow@sf@@UEAAPEAXI@Z)
SFMLWindow.obj : error LNK2001: unresolved external symbol "public: virtual class sf::Vector2<unsigned int> __cdecl sf::RenderWindow::getSize(void)const " (?getSize@RenderWindow@sf@@UEBA?AV?$Vector2@I@2@XZ)
SFMLWindow.obj : error LNK2001: unresolved external symbol "protected: virtual void __cdecl sf::RenderWindow::onCreate(void)" (?onCreate@RenderWindow@sf@@MEAAXXZ)
SFMLWindow.obj : error LNK2001: unresolved external symbol "protected: virtual void __cdecl sf::RenderWindow::onResize(void)" (?onResize@RenderWindow@sf@@MEAAXXZ)
SFMLWindow.obj : error LNK2001: unresolved external symbol "public: virtual bool __cdecl sf::RenderWindow::setActive(bool)" (?setActive@RenderWindow@sf@@UEAA_N_N@Z)
Application.obj : error LNK2019: unresolved external symbol glfwGetTime referenced in function "public: void __cdecl Application::UpdateDeltaTime(void)" (?UpdateDeltaTime@Application@@QEAAXXZ)
C:\Users\cemch\source\repos\FatonEngine\x64\Debug\FatonEngine.exe : fatal error LNK1120: 97 unresolved externals
